
test1.hcc
Warning: entry function "main" not found
SAFE

test2.hcc
Warning: entry function "main" not found
SAFE

test3.hcc
Warning: entry function "main" not found
SAFE

test4.hcc
Warning: entry function "main" not found
SAFE

test-para2.hcc
Warning: entry function "main" not found
SAFE

lazy-eval1.hcc
Warning: entry function "main" not found
SAFE

jumps.hcc
Warning: entry function "main" not found
SAFE

jumps2.hcc
Warning: entry function "main" not found
SAFE

jumps3.hcc
SAFE

functions.hcc
Warning: no definition of function "nondet" available
Warning: entry function "main" not found
SAFE

functions2.hcc
SAFE

extended-decl.hcc
Warning: entry function "main" not found
SAFE

inits.hcc
SAFE

inits2.hcc
SAFE

inits3.hcc
UNSAFE

-------------
Init:
 main2(1, 0) 
-------------
      |      
      |      
      V      
 main3(1, 0) 
-------------
Final:
 main3(1, 0) 
-------------
Failed assertion:
false :- main3(g:3, h:4), g:3 != 0. (line 8)


shadowing.hcc
SAFE

disconnected-assertions.hcc
SAFE

atomic1.hcc
Warning: entry function "main" not found
SAFE

atomic2.hcc
SAFE

atomic3.hcc
tricera.concurrency.ccreader.CCExceptions$TranslationException: cycles in atomic blocks are not supported yet
(error "cycles in atomic blocks are not supported yet")
Other Error: cycles in atomic blocks are not supported yet

atomic3b.hcc
tricera.concurrency.ccreader.CCExceptions$TranslationException: cycles in atomic blocks are not supported yet
(error "cycles in atomic blocks are not supported yet")
Other Error: cycles in atomic blocks are not supported yet

atomic3c.hcc
SAFE

atomic3d.hcc
SAFE

diamond_true-unreach-call1.c
SAFE

unsigned1.hcc
SAFE

literals.c
SAFE

predicates.hcc
SAFE

predicates2.hcc
Warning: entry function "main" not found
SAFE

down_true-unreach-call.i.c
SAFE

ternary-bug.c
UNSAFE

----------------
Init:
  main3(1, 0)   
----------------
       |        
       |        
       V        
 main5(1, 0, 0) 
----------------
Final:
 main5(1, 0, 0) 
----------------
Failed assertion:
false :- main5(x:2, y:2, z:3). (line 5)


assert-ite-1.c
SAFE

assert-ite-2.c
SAFE

function-in-assume-assert-1-false.c
UNSAFE

-----------------
Init:
   main4(0, 1)   
-----------------
        |        
        |        
        V        
 main11(0, 1, 0) 
-----------------
Final:
 main11(0, 1, 0) 
-----------------
Failed assertion:
false :- main11(x:10, y:11, __eval5_9:5), __eval5_9:5 = 0. (line 13)


function-in-assume-assert-1-true.c
SAFE

function-in-assume-assert-2-false.c
UNSAFE

-----------------
Init:
   main4(2, 1)   
-----------------
        |        
        |        
        V        
 main17(2, 1, 0) 
-----------------
Final:
 main17(2, 1, 0) 
-----------------
Failed assertion:
false :- main17(x:10, y:11, __eval10_29:10), __eval10_29:10 = 0. (line 13)


function-in-assume-assert-2-true.c
SAFE

function-in-assume-assert-3-false.c
UNSAFE

-----------------
Init:
   main4(2, 1)   
-----------------
        |        
        |        
        V        
 main21(2, 1, 0) 
-----------------
Final:
 main21(2, 1, 0) 
-----------------
Failed assertion:
false :- main21(x:12, y:13, __eval12_33:12), __eval12_33:12 = 0. (line 15)


function-in-assume-assert-3-true.c
SAFE

test2b.hcc
Warning: entry function "main" not found
UNSAFE

test2c.hcc
Warning: entry function "main" not found
UNSAFE

test-para1.hcc
Warning: entry function "main" not found
UNSAFE

atomic4.hcc
Warning: entry function "main" not found
UNSAFE

test4.hcc
Warning: entry function "main" not found
SAFE

test5.hcc
Warning: entry function "main" not found
SAFE

test6.hcc
Warning: entry function "main" not found
SAFE

test7.hcc
Warning: entry function "main" not found
SAFE

loop1.hcc
Warning: entry function "main" not found
SAFE

loop2.hcc
Warning: entry function "main" not found
SAFE

locking.hcc
Warning: entry function "main" not found
SAFE

preprocess-1.c
SAFE
