
test1.hcc
Warning: entry function "main" not found
SAFE

test2.hcc
Warning: entry function "main" not found
SAFE

test3.hcc
Warning: entry function "main" not found
SAFE

test4.hcc
Warning: entry function "main" not found
SAFE

test-para2.hcc
Warning: entry function "main" not found
SAFE

lazy-eval1.hcc
Warning: entry function "main" not found
SAFE

jumps.hcc
Warning: entry function "main" not found
SAFE

jumps2.hcc
Warning: entry function "main" not found
SAFE

jumps3.hcc
SAFE

functions.hcc
Warning: no definition of function "nondet" available
Warning: entry function "main" not found
SAFE

functions2.hcc
SAFE

extended-decl.hcc
Warning: entry function "main" not found
SAFE

inits.hcc
SAFE

inits2.hcc
SAFE

inits3.hcc

---------------
Init:
 main7_3(1, 0) 
---------------
       |       
       |       
       V       
  main(1, 0)   
---------------
Final:
  main(1, 0)   
---------------
Failed assertion:
false :- main(g:3, h:4), g:3 != 0. (line:8 col:3) (property: user-assertion)

UNSAFE

inits4.hcc
SAFE

inits4-explicit.hcc

---------------
Init:
 main3_3(1, 0) 
---------------
       |       
       |       
       V       
 main4_3(1, 0) 
---------------
       |       
       |       
       V       
  main(1, 0)   
---------------
Final:
  main(1, 0)   
---------------
Failed assertion:
false :- main(g:3, h:4), g:3 != 0. (line:9 col:3) (property: user-assertion)

UNSAFE

shadowing-global.hcc
SAFE

shadowing.hcc
SAFE

disconnected-assertions.hcc
SAFE

atomic1.hcc
Warning: entry function "main" not found
SAFE

atomic2.hcc
SAFE

atomic3.hcc
tricera.concurrency.ccreader.CCExceptions$TranslationException: cycles in atomic blocks are not supported yet
(error "cycles in atomic blocks are not supported yet")
Other Error: cycles in atomic blocks are not supported yet

atomic3b.hcc
tricera.concurrency.ccreader.CCExceptions$TranslationException: cycles in atomic blocks are not supported yet
(error "cycles in atomic blocks are not supported yet")
Other Error: cycles in atomic blocks are not supported yet

atomic3c.hcc
SAFE

atomic3d.hcc
SAFE

diamond_true-unreach-call1.c
SAFE

unsigned1.hcc
SAFE

literals.c
SAFE

predicates.hcc
SAFE

predicates2.hcc
Warning: entry function "main" not found
SAFE

down_true-unreach-call.i.c
SAFE

ternary-bug.c

---------------
Init:
 main3_3(1, 0) 
---------------
       |       
       |       
       V       
 main(1, 0, 0) 
---------------
Final:
 main(1, 0, 0) 
---------------
Failed assertion:
false :- main(x:2, y:2, z:3). (line:5 col:3) (property: user-assertion)

UNSAFE

assert-ite-1.c
SAFE

assert-ite-2.c
SAFE

function-in-assume-assert-1-false.c

------------------
Init:
  main12_3(0, 1)  
------------------
        |         
        |         
        V         
 main5_1(0, 1, 1) 
------------------
Final:
 main5_1(0, 1, 1) 
------------------
Failed assertion:
false :- main5_1(x:10, y:11, __eval5_10:5), __eval5_10:5 != 0. (line:13 col:3) (property: user-assertion)

UNSAFE

function-in-assume-assert-1-true.c
SAFE

function-in-assume-assert-2-false.c

-----------------------
Init:
    main12_3(2, 1)     
-----------------------
           |           
           |           
           V           
 main13_16(2, 1, 2, 1) 
-----------------------
Final:
 main13_16(2, 1, 2, 1) 
-----------------------
Failed assertion:
false :- main13_16(x:10, y:11, __eval10_19:10, ite_13_16:1), __eval10_19:10 != ite_13_16:1. (line:13 col:3) (property: user-assertion)

UNSAFE

function-in-assume-assert-2-true.c
SAFE

function-in-assume-assert-3-false.c

-----------------------
Init:
    main14_3(2, 1)     
-----------------------
           |           
           |           
           V           
 main15_16(2, 1, 2, 1) 
-----------------------
Final:
 main15_16(2, 1, 2, 1) 
-----------------------
Failed assertion:
false :- main15_16(x:12, y:13, __eval12_21:12, ite_15_16:1), __eval12_21:12 != ite_15_16:1. (line:15 col:3) (property: user-assertion)

UNSAFE

function-in-assume-assert-3-true.c
SAFE

static-local-retention-false.c

--------------
Init:
  main8_5(0)  
--------------
      |       
      |       
      V       
  main2_5(0)  
--------------
      |       
      |       
      V       
 main2_5_7(1) 
--------------
Final:
 main2_5_7(1) 
--------------
Failed assertion:
false :- main2_5_7(local:2), local:2 != 0. (line:3 col:5) (property: user-assertion)

UNSAFE

static-local-retention-true.c
SAFE

static-shadowing-true.c
SAFE

static-global.c
SAFE

abort-1.c
SAFE

abort-2.c

--------------
Init:
 main3_3(42)  
--------------
      |       
      |       
      V       
 main3_15(42) 
--------------
      |       
      |       
      V       
   main(42)   
--------------
Final:
   main(42)   
--------------
Failed assertion:
false :- main(x:2). (line:8 col:3) (property: user-assertion)

UNSAFE

inits2-opt.hcc

---------------
Init:
 main9_3(0, 1) 
---------------
Final:
 main9_3(0, 1) 
---------------
Failed assertion:
false :- main9_3(g:3, h:4), g:3 != 0 | h:4 != 0. (line:9 col:3) (property: user-assertion)

UNSAFE

inits4-opt.hcc

---------------
Init:
 main6_3(1, 0) 
---------------
       |       
       |       
       V       
  main(1, 0)   
---------------
Final:
  main(1, 0)   
---------------
Failed assertion:
false :- main(g:3, h:4), g:3 != 0. (line:9 col:3) (property: user-assertion)

UNSAFE

test2b.hcc
Warning: entry function "main" not found
UNSAFE

test2c.hcc
Warning: entry function "main" not found
UNSAFE

test-para1.hcc
Warning: entry function "main" not found
UNSAFE

atomic4.hcc
Warning: entry function "main" not found
UNSAFE

test4.hcc
Warning: entry function "main" not found
SAFE

test5.hcc
Warning: entry function "main" not found
SAFE

test6.hcc
Warning: entry function "main" not found
SAFE

test7.hcc
Warning: entry function "main" not found
SAFE

loop1.hcc
Warning: entry function "main" not found
SAFE

loop2.hcc
Warning: entry function "main" not found
SAFE

locking.hcc
Warning: entry function "main" not found
SAFE

preprocess-1.c
SAFE

preprocess-2-assert.c
UNSAFE

preprocess-3-assert.c
SAFE
