
atomic3e.hcc
Warning: enabling time
SAFE

atomic3f.hcc
Warning: enabling time
tricera.concurrency.ccreader.CCExceptions$TranslationException: cycles in atomic blocks are not supported yet
(error "cycles in atomic blocks are not supported yet")
Other Error: cycles in atomic blocks are not supported yet

clocks1.hcc
Warning: enabling time
SAFE

clocks2.hcc
Warning: enabling time
Warning: entry function "main" not found
SAFE

clocks3.hcc
Warning: enabling time
Warning: entry function "main" not found
SAFE

clocks4.hcc
Warning: enabling time
Warning: entry function "main" not found
SAFE

clocks5.hcc
Warning: enabling time
SAFE

fischer.hcc
Warning: enabling time
Warning: entry function "main" not found
SAFE

lazy-and-or-bug.hcc

------------------------------------
Init:
     A10_3(0)       main5_3(0, 0)   
------------------------------------
                          |         
                          |         
                          V         
                   main5_8(0, 0, 1) 
------------------------------------
        |         
        |         
        V         
     A10_7(1)     
------------------------------------
                          |         
                          |         
                          V         
                      main(1, 1)    
------------------------------------
Final:
     A10_7(1)         main(1, 1)    
------------------------------------
UNSAFE

channels.hcc
Warning: entry function "main" not found
SAFE

channels-2.hcc
Warning: entry function "main" not found
SAFE

channels-2b.hcc
Warning: entry function "main" not found

------------------------
Init:
  A7_3(0)     B14_3(0)  
------------------------
     |           |      
     c?          c!     
     |           |      
     V           V      
 A7_10(42)   B(42, -10) 
------------------------
Final:
 A7_10(42)   B(42, -10) 
------------------------
UNSAFE

channels-3.hcc
tricera.concurrency.ccreader.CCExceptions$TranslationException: Cannot execute Receive(d) and Send(c) in one step
(error "Cannot execute Receive(d) and Send(c) in one step")
Other Error: Cannot execute Receive(d) and Send(c) in one step

duration1.hcc
Warning: enabling time
SAFE

duration2.hcc
Warning: enabling time

------------------------------------------------------
Init:
  A16_3(0, 1, 0, 0, 0, 0)   main8_3(0, 1, 0, 0, 0, 0) 
------------------------------------------------------
             |             
             |             
             V             
    A(0, 1, 0, 0, 0, 0)    
------------------------------------------------------
                                        |             
                                        |             
                                        V             
                             main(0, 1, 0, 0, 0, 0)   
------------------------------------------------------
             |                          |             
          start?                     start!           
             |                          |             
             V                          V             
   A_0(0, 1, 0, 0, 0, 0)    main_1(0, 1, 0, 0, 0, 0)  
------------------------------------------------------
             |             
             |             
             V             
   A_2(0, 1, 0, 0, 0, 0)   
------------------------------------------------------
Final:
   A_2(0, 1, 0, 0, 0, 0)    main_1(0, 1, 0, 0, 0, 0)  
------------------------------------------------------
UNSAFE

duration3.hcc
Warning: enabling time
SAFE

duration3b.hcc
Warning: enabling time

------------------------------------------------
Init:
  B16_3(0, 1, 0, 0, 0)   main8_3(0, 1, 0, 0, 0) 
------------------------------------------------
           |            
           |            
           V            
    B(0, 1, 0, 0, 0)    
------------------------------------------------
           |            
           |            
           V            
   B_0(0, 1, 0, 0, 0)   
------------------------------------------------
           |            
           |            
           V            
   B_1(0, 1, 0, 0, 0)   
------------------------------------------------
           |                       |            
       finished?               finished!        
           |                       |            
           V                       V            
   B_2(0, 1, 0, 0, 0)    main9_15_0(0, 1, 0, 0) 
------------------------------------------------
Final:
   B_2(0, 1, 0, 0, 0)    main9_15_0(0, 1, 0, 0) 
------------------------------------------------
UNSAFE

duration3c.hcc
Warning: enabling time
SAFE

duration3d.hcc
Warning: enabling time

----------------------------------------------
Init:
  B16_3(-1, 1, 0, -1)   main8_3(-1, 1, 0, -1) 
----------------------------------------------
           |           
           |           
           V           
    B(-1, 1, 0, -1)    
----------------------------------------------
           |           
           |           
           V           
   B_0(-1, 1, 0, -1)   
----------------------------------------------
Delay: 1.0
----------------------------------------------
           |           
           |           
           V           
   B_1(0, 1, 0, -1)    
----------------------------------------------
           |                      |           
       finished?              finished!       
           |                      |           
           V                      V           
   B_2(0, 1, 0, -1)      main9_15_0(0, 1, 0)  
----------------------------------------------
Final:
   B_2(0, 1, 0, -1)      main9_15_0(0, 1, 0)  
----------------------------------------------
UNSAFE

nonlinear1.hcc
Warning: no definition of function "nondet" available
SAFE

nonlinear2.hcc
Warning: no definition of function "nondet" available

----------------
Init:
    main7_3     
----------------
       |        
       |        
       V        
 main12_7(2, 4) 
----------------
Final:
 main12_7(2, 4) 
----------------
Failed assertion:
false :- main12_7(x:7, y:10). (line:13 col:5) (property: user-assertion)

UNSAFE

typedef1.hcc
SAFE

switch1.hcc

----------------
Init:
 main7_3(0, 10) 
----------------
       |        
       |        
       V        
   main(0, 0)   
----------------
Final:
   main(0, 0)   
----------------
Failed assertion:
false :- main(x:4, y:5), y:5 < 1. (line:19 col:3) (property: user-assertion)

UNSAFE

switch2.hcc
Warning: no definition of function "nondet" available
Warning: no definition of function "nondet" available
Warning: no definition of function "nondet" available
Warning: no definition of function "nondet" available
SAFE

hints.hcc
SAFE

hints2.hcc
SAFE

hints3.hcc
SAFE

hints.hcc
SAFE

hints2.hcc
SAFE

hints3.hcc
SAFE

interval-propagator-bug.hcc
SAFE

hints4.hcc
CEGAR iterations:                                      0
SAFE
