
atomic3e.hcc
Warning: enabling time
SAFE

atomic3f.hcc
Warning: enabling time
tricera.concurrency.CCReader$TranslationException: cycles in atomic blocks are not supported yet
(error "cycles in atomic blocks are not supported yet")

clocks1.hcc
Warning: enabling time
SAFE

clocks2.hcc
Warning: enabling time
Warning: entry function "main" not found
SAFE

clocks3.hcc
Warning: enabling time
Warning: entry function "main" not found
SAFE

clocks4.hcc
Warning: enabling time
Warning: entry function "main" not found
SAFE

clocks5.hcc
Warning: enabling time
SAFE

fischer.hcc
Warning: enabling time
Warning: entry function "main" not found
SAFE

lazy-and-or-bug.hcc
UNSAFE

--------------------------------
Init:
     A1(0)        main3(0, 0)   
--------------------------------
                       |        
                       |        
                       V        
                 main5(0, 0, 1) 
--------------------------------
       |        
       |        
       V        
     A0(1)      
--------------------------------
                       |        
                       |        
                       V        
                  main4(1, 1)   
--------------------------------
Final:
     A0(1)        main4(1, 1)   
--------------------------------

Related assertions: 
 false :- main4(x:1, y:4), y:4 != 0. (assertion source: line 6) 

channels.hcc
Warning: entry function "main" not found
SAFE

channels-2.hcc
Warning: entry function "main" not found
SAFE

channels-2b.hcc
Warning: entry function "main" not found
UNSAFE

--------------------------
Init:
    A1(0)        B1(0)    
--------------------------
      |            |      
     c?           c!      
      |            |      
      V            V      
   A0(42)     B3(42, -10) 
--------------------------
Final:
   A0(42)     B3(42, -10) 
--------------------------

Related assertions: 

channels-3.hcc
tricera.concurrency.CCReader$TranslationException: Cannot execute Receive(d) and Send(c) in one step
(error "Cannot execute Receive(d) and Send(c) in one step")

duration1.hcc
Warning: enabling time
SAFE

duration2.hcc
Warning: enabling time
UNSAFE

--------------------------------------------------
Init:
  A2(0, 1, 0, 0, 0, 0)    main3(0, 1, 0, 0, 0, 0) 
--------------------------------------------------
            |            
            |            
            V            
  A3(0, 1, 0, 0, 0, 0)   
--------------------------------------------------
                                     |            
                                     |            
                                     V            
                          main4(0, 1, 0, 0, 0, 0) 
--------------------------------------------------
            |                        |            
         start?                   start!          
            |                        |            
            V                        V            
  A4(0, 1, 0, 0, 0, 0)    main5(0, 1, 0, 0, 0, 0) 
--------------------------------------------------
            |            
            |            
            V            
  A8(0, 1, 0, 0, 0, 0)   
--------------------------------------------------
Final:
  A8(0, 1, 0, 0, 0, 0)    main5(0, 1, 0, 0, 0, 0) 
--------------------------------------------------

Related assertions: 
 false :- A8(_GT, _GTU, x:1, D:3, E:3, C2:15), x:1 < 1. (assertion source: line 21) 

duration3.hcc
Warning: enabling time
SAFE

duration3b.hcc
Warning: enabling time
UNSAFE

--------------------------------------------
Init:
  B2(0, 1, 0, 0, 0)    main3(0, 1, 0, 0, 0) 
--------------------------------------------
          |           
          |           
          V           
  B3(0, 1, 0, 0, 0)   
--------------------------------------------
          |           
          |           
          V           
  B4(0, 1, 0, 0, 0)   
--------------------------------------------
          |           
          |           
          V           
  B5(0, 1, 0, 0, 0)   
--------------------------------------------
          |                     |           
      finished?             finished!       
          |                     |           
          V                     V           
  B6(0, 1, 0, 0, 0)     main1(0, 1, 0, 0)   
--------------------------------------------
Final:
  B6(0, 1, 0, 0, 0)     main1(0, 1, 0, 0)   
--------------------------------------------

Related assertions: 

duration3c.hcc
Warning: enabling time
SAFE

duration3d.hcc
Warning: enabling time
UNSAFE

------------------------------------------
Init:
  B2(-1, 1, 0, -1)    main3(-1, 1, 0, -1) 
------------------------------------------
          |          
          |          
          V          
  B3(-1, 1, 0, -1)   
------------------------------------------
          |          
          |          
          V          
  B4(-1, 1, 0, -1)   
------------------------------------------
Delay: 1.0
------------------------------------------
          |          
          |          
          V          
   B5(0, 1, 0, -1)   
------------------------------------------
          |                    |          
      finished?            finished!      
          |                    |          
          V                    V          
   B6(0, 1, 0, -1)      main1(0, 1, 0)    
------------------------------------------
Final:
   B6(0, 1, 0, -1)      main1(0, 1, 0)    
------------------------------------------

Related assertions: 

nonlinear1.hcc
Warning: no definition of function "nondet" available
SAFE

nonlinear2.hcc
Warning: no definition of function "nondet" available
UNSAFE

-------------
Init:
    main2    
-------------
      |      
      |      
      V      
 main9(2, 4) 
-------------
Final:
 main9(2, 4) 
-------------

Related assertions: 
 false :- main9(x:7, y:10). (assertion source: line 13) 

typedef1.hcc
SAFE

switch1.hcc
UNSAFE

--------------
Init:
 main4(0, 10) 
--------------
      |       
      |       
      V       
 main5(0, 0)  
--------------
Final:
 main5(0, 0)  
--------------

Related assertions: 
 false :- main5(x:4, y:5), y:5 < 1. (assertion source: line 19) 

switch2.hcc
Warning: no definition of function "nondet" available
Warning: no definition of function "nondet" available
Warning: no definition of function "nondet" available
Warning: no definition of function "nondet" available
SAFE

hints.hcc
SAFE

hints2.hcc
SAFE

hints3.hcc
SAFE

hints.hcc
SAFE

hints2.hcc
SAFE

hints3.hcc
SAFE

interval-propagator-bug.hcc
SAFE

hints4.hcc
CEGAR iterations:                                      0
SAFE
